Build started 8/26/2016 9:51:07 AM.
     1>Project "C:\Users\ephys-2\Downloads\plugin-GUI-master\Builds\VisualStudio2013\Plugins\PhaseCalculator\PhaseCalculator.vcxproj" on node 9 (Rebuild target(s)).
     1>PreBuildEvent:
         cd fftw-dll32
         lib /machine:x86 /def:libfftw3-3.def
         cd ..
         :VCEnd
         Microsoft (R) Library Manager Version 12.00.40629.0
         Copyright (C) Microsoft Corporation.  All rights reserved.
         
            Creating library libfftw3-3.lib and object libfftw3-3.exp
       ClCompile:
         C:\Program Files (x86)\Microsoft Visual Studio 12.0\VC\bin\CL.exe /c /I"C:\Users\ephys-2\Downloads\plugin-GUI-master\Builds\VisualStudio2013\Plugins\PhaseCalculator\fftw-dll32" /I..\..\..\..\Source\Plugins\Headers /ZI /nologo /W3 /WX- /sdl /Od /Oy- /D _SCL_SECURE_NO_WARNINGS /D OEPLUGIN /D WIN32 /D _WINDOWS /D DEBUG /D _DEBUG /D "JUCE_API=__declspec(dllimport)" /D JUCER_VS2013_78A5020=1 /D JUCE_APP_VERSION=0.3.5 /D JUCE_APP_VERSION_HEX=0x305 /D _CRT_SECURE_NO_WARNINGS /D _WINDLL /D _MBCS /Gm /EHsc /RTC1 /MDd /GS /fp:precise /Zc:wchar_t /Zc:forScope /Fo"Debug\\" /Fd"Debug\vc120.pdb" /Gd /TP /analyze- /errorReport:prompt ..\..\..\..\Source\Plugins\PhaseCalculator\burg.cpp ..\..\..\..\Source\Plugins\PhaseCalculator\PhaseCalculatorEditor.cpp ..\..\..\..\Source\Plugins\PhaseCalculator\PhaseCalculator.cpp ..\..\..\..\Source\Plugins\PhaseCalculator\OpenEphysLib.cpp
         OpenEphysLib.cpp
         PhaseCalculator.cpp
         PhaseCalculatorEditor.cpp
     1>c:\users\ephys-2\downloads\plugin-gui-master\source\plugins\phasecalculator\phasecalculatoreditor.cpp(40): warning C4101: 'e' : unreferenced local variable
     1>c:\users\ephys-2\downloads\plugin-gui-master\source\plugins\phasecalculator\phasecalculatoreditor.cpp(251): warning C4244: 'argument' : conversion from 'double' to 'int', possible loss of data
     1>c:\users\ephys-2\downloads\plugin-gui-master\source\plugins\phasecalculator\phasecalculatoreditor.cpp(264): warning C4244: 'argument' : conversion from 'double' to 'int', possible loss of data
         burg.cpp
         Generating Code...
       PreLinkEvent:
         if not exist "..\..\Debug\bin\plugins" mkdir "..\..\Debug\bin\plugins"
         :VCEnd
       Link:
         C:\Program Files (x86)\Microsoft Visual Studio 12.0\VC\bin\link.exe /ERRORREPORT:PROMPT /OUT:"C:\Users\ephys-2\Downloads\plugin-GUI-master\Builds\VisualStudio2013\Plugins\Debug\PhaseCalculator.dll" /INCREMENTAL /NOLOGO /LIBPATH:"C:\Users\ephys-2\Downloads\plugin-GUI-master\Builds\VisualStudio2013\Plugins\PhaseCalculator\fftw-dll32" /LIBPATH:..\..\Debug\bin "libfftw3-3.lib" "open-ephys.lib" setupapi.lib opengl32.lib glu32.lib kernel32.lib user32.lib gdi32.lib winspool.lib comdlg32.lib advapi32.lib shell32.lib ole32.lib oleaut32.lib uuid.lib odbc32.lib odbccp32.lib /MANIFEST /MANIFESTUAC:"level='asInvoker' uiAccess='false'" /manifest:embed /DEBUG /PDB:"C:\Users\ephys-2\Downloads\plugin-GUI-master\Builds\VisualStudio2013\Plugins\Debug\PhaseCalculator.pdb" /TLBID:1 /DYNAMICBASE /NXCOMPAT /IMPLIB:"C:\Users\ephys-2\Downloads\plugin-GUI-master\Builds\VisualStudio2013\Plugins\Debug\PhaseCalculator.lib" /MACHINE:X86 /DLL Debug\burg.obj
         Debug\PhaseCalculatorEditor.obj
         Debug\PhaseCalculator.obj
         Debug\OpenEphysLib.obj
            Creating library C:\Users\ephys-2\Downloads\plugin-GUI-master\Builds\VisualStudio2013\Plugins\Debug\PhaseCalculator.lib and object C:\Users\ephys-2\Downloads\plugin-GUI-master\Builds\VisualStudio2013\Plugins\Debug\PhaseCalculator.exp
         PhaseCalculator.vcxproj -> C:\Users\ephys-2\Downloads\plugin-GUI-master\Builds\VisualStudio2013\Plugins\Debug\PhaseCalculator.dll
       PostBuildEvent:
         copy /Y "C:\Users\ephys-2\Downloads\plugin-GUI-master\Builds\VisualStudio2013\Plugins\Debug\PhaseCalculator.dll" "..\..\Debug\bin\plugins\";
         copy /Y "C:\Users\ephys-2\Downloads\plugin-GUI-master\Builds\VisualStudio2013\Plugins\PhaseCalculator\fftw-dll32\libfftw3-3.dll" "..\..\Debug\bin\plugins\..\"
         :VCEnd
                 1 file(s) copied.
                 1 file(s) copied.
     1>Done Building Project "C:\Users\ephys-2\Downloads\plugin-GUI-master\Builds\VisualStudio2013\Plugins\PhaseCalculator\PhaseCalculator.vcxproj" (Rebuild target(s)).

Build succeeded.

Time Elapsed 00:00:05.73
