Build started 8/26/2016 9:44:54 AM.
     1>Project "C:\Users\ephys-2\Downloads\plugin-GUI-master\Builds\VisualStudio2013\Plugins\EventBroadcaster\EventBroadcaster.vcxproj" on node 8 (Build target(s)).
     1>ClCompile:
         C:\Program Files (x86)\Microsoft Visual Studio 12.0\VC\bin\x86_amd64\CL.exe /c /I"../../../../Resources/windows-libs/ZeroMQ/include" /I..\..\..\..\Source\Plugins\Headers /I..\..\..\..\Source\Plugins\Headers /Zi /nologo /W3 /WX- /sdl /O2 /Oi /GL /D _SCL_SECURE_NO_WARNINGS /D ZEROMQ /D OEPLUGIN /D WIN32 /D _WINDOWS /D NDEBUG /D "JUCE_API=__declspec(dllimport)" /D JUCER_VS2013_78A5020=1 /D JUCE_APP_VERSION=0.3.5 /D JUCE_APP_VERSION_HEX=0x305 /D _CRT_SECURE_NO_WARNINGS /D OEPLUGIN /D WIN32 /D _WINDOWS /D NDEBUG /D "JUCE_API=__declspec(dllimport)" /D JUCER_VS2013_78A5020=1 /D JUCE_APP_VERSION=0.3.5 /D JUCE_APP_VERSION_HEX=0x305 /D _CRT_SECURE_NO_WARNINGS /D _WINDLL /D _MBCS /Gm- /EHsc /MD /GS /Gy /fp:precise /Zc:wchar_t /Zc:forScope /Fo"x64\Release\\" /Fd"x64\Release\vc120.pdb" /Gd /TP /errorReport:prompt ..\..\..\..\Source\Plugins\EventBroadcaster\EventBroadcaster.cpp ..\..\..\..\Source\Plugins\EventBroadcaster\EventBroadcasterEditor.cpp ..\..\..\..\Source\Plugins\EventBroadcaster\OpenEphysLib.cpp
         EventBroadcaster.cpp
         EventBroadcasterEditor.cpp
         OpenEphysLib.cpp
       PreLinkEvent:
         if not exist "..\..\x64\Release64\bin\plugins" mkdir "..\..\x64\Release64\bin\plugins"
         :VCEnd
       Link:
         C:\Program Files (x86)\Microsoft Visual Studio 12.0\VC\bin\x86_amd64\link.exe /ERRORREPORT:PROMPT /OUT:"C:\Users\ephys-2\Downloads\plugin-GUI-master\Builds\VisualStudio2013\Plugins\x64\Release\EventBroadcaster.dll" /NOLOGO /LIBPATH:..\..\x64\Release64\bin /LIBPATH:"../../../../Resources/windows-libs/ZeroMQ/lib_x64" "libzmq-v120-mt-4_0_4.lib" "open-ephys.lib" setupapi.lib opengl32.lib glu32.lib "open-ephys.lib" setupapi.lib opengl32.lib glu32.lib kernel32.lib user32.lib gdi32.lib winspool.lib comdlg32.lib advapi32.lib shell32.lib ole32.lib oleaut32.lib uuid.lib odbc32.lib odbccp32.lib /MANIFEST /MANIFESTUAC:"level='asInvoker' uiAccess='false'" /manifest:embed /DEBUG /PDB:"C:\Users\ephys-2\Downloads\plugin-GUI-master\Builds\VisualStudio2013\Plugins\x64\Release\EventBroadcaster.pdb" /OPT:REF /OPT:ICF /LTCG /TLBID:1 /DYNAMICBASE /NXCOMPAT /IMPLIB:"C:\Users\ephys-2\Downloads\plugin-GUI-master\Builds\VisualStudio2013\Plugins\x64\Release\EventBroadcaster.lib" /MACHINE:X64 /DLL x64\Release\EventBroadcaster.obj
         x64\Release\EventBroadcasterEditor.obj
         x64\Release\OpenEphysLib.obj
            Creating library C:\Users\ephys-2\Downloads\plugin-GUI-master\Builds\VisualStudio2013\Plugins\x64\Release\EventBroadcaster.lib and object C:\Users\ephys-2\Downloads\plugin-GUI-master\Builds\VisualStudio2013\Plugins\x64\Release\EventBroadcaster.exp
         Generating code
         Finished generating code
         EventBroadcaster.vcxproj -> C:\Users\ephys-2\Downloads\plugin-GUI-master\Builds\VisualStudio2013\Plugins\x64\Release\EventBroadcaster.dll
       PostBuildEvent:
         copy /Y "C:\Users\ephys-2\Downloads\plugin-GUI-master\Builds\VisualStudio2013\Plugins\x64\Release\EventBroadcaster.dll" "..\..\x64\Release64\bin\plugins\"
         :VCEnd
                 1 file(s) copied.
     1>Done Building Project "C:\Users\ephys-2\Downloads\plugin-GUI-master\Builds\VisualStudio2013\Plugins\EventBroadcaster\EventBroadcaster.vcxproj" (Build target(s)).

Build succeeded.

Time Elapsed 00:00:06.03
