Build started 8/26/2016 9:44:42 AM.
     1>Project "C:\Users\ephys-2\Downloads\plugin-GUI-master\Builds\VisualStudio2013\Plugins\LFP_Viewer\LFP_Viewer.vcxproj" on node 2 (Build target(s)).
     1>ClCompile:
         C:\Program Files (x86)\Microsoft Visual Studio 12.0\VC\bin\x86_amd64\CL.exe /c /I..\..\..\..\Source\Plugins\Headers /Zi /nologo /W3 /WX- /sdl /O2 /Oi /GL /D OEPLUGIN /D WIN32 /D _WINDOWS /D NDEBUG /D "JUCE_API=__declspec(dllimport)" /D JUCER_VS2013_78A5020=1 /D JUCE_APP_VERSION=0.3.5 /D JUCE_APP_VERSION_HEX=0x305 /D _CRT_SECURE_NO_WARNINGS /D _WINDLL /D _MBCS /Gm- /EHsc /MD /GS /Gy /fp:precise /Zc:wchar_t /Zc:forScope /Fo"x64\Release\\" /Fd"x64\Release\vc120.pdb" /Gd /TP /errorReport:prompt ..\..\..\..\Source\Plugins\LfpDisplayNode\LfpDisplayCanvas.cpp ..\..\..\..\Source\Plugins\LfpDisplayNode\LfpDisplayEditor.cpp ..\..\..\..\Source\Plugins\LfpDisplayNode\LfpDisplayNode.cpp ..\..\..\..\Source\Plugins\LfpDisplayNode\OpenEphysLib.cpp
         LfpDisplayCanvas.cpp
     1>..\..\..\..\Source\Plugins\LfpDisplayNode\LfpDisplayCanvas.cpp(110): warning C4305: '=' : truncation from 'double' to 'float'
     1>..\..\..\..\Source\Plugins\LfpDisplayNode\LfpDisplayCanvas.cpp(136): warning C4244: '=' : conversion from 'double' to 'int', possible loss of data
     1>..\..\..\..\Source\Plugins\LfpDisplayNode\LfpDisplayCanvas.cpp(260): warning C4244: 'argument' : conversion from 'double' to 'int', possible loss of data
     1>..\..\..\..\Source\Plugins\LfpDisplayNode\LfpDisplayCanvas.cpp(302): warning C4244: 'argument' : conversion from 'double' to 'int', possible loss of data
     1>..\..\..\..\Source\Plugins\LfpDisplayNode\LfpDisplayCanvas.cpp(539): warning C4244: '=' : conversion from 'float' to 'int', possible loss of data
     1>..\..\..\..\Source\Plugins\LfpDisplayNode\LfpDisplayCanvas.cpp(544): warning C4244: '=' : conversion from 'float' to 'int', possible loss of data
     1>..\..\..\..\Source\Plugins\LfpDisplayNode\LfpDisplayCanvas.cpp(700): warning C4244: 'initializing' : conversion from 'float' to 'int', possible loss of data
     1>..\..\..\..\Source\Plugins\LfpDisplayNode\LfpDisplayCanvas.cpp(810): warning C4244: 'return' : conversion from 'int' to 'const float', possible loss of data
     1>..\..\..\..\Source\Plugins\LfpDisplayNode\LfpDisplayCanvas.cpp(862): warning C4244: 'argument' : conversion from 'int' to 'float', possible loss of data
     1>..\..\..\..\Source\Plugins\LfpDisplayNode\LfpDisplayCanvas.cpp(871): warning C4244: 'argument' : conversion from 'int' to 'float', possible loss of data
     1>..\..\..\..\Source\Plugins\LfpDisplayNode\LfpDisplayCanvas.cpp(871): warning C4244: 'argument' : conversion from 'const int' to 'float', possible loss of data
     1>..\..\..\..\Source\Plugins\LfpDisplayNode\LfpDisplayCanvas.cpp(873): warning C4244: 'argument' : conversion from 'int' to 'float', possible loss of data
     1>..\..\..\..\Source\Plugins\LfpDisplayNode\LfpDisplayCanvas.cpp(873): warning C4244: 'argument' : conversion from 'const int' to 'float', possible loss of data
     1>..\..\..\..\Source\Plugins\LfpDisplayNode\LfpDisplayCanvas.cpp(876): warning C4244: 'argument' : conversion from 'int' to 'float', possible loss of data
     1>..\..\..\..\Source\Plugins\LfpDisplayNode\LfpDisplayCanvas.cpp(1109): warning C4244: 'argument' : conversion from 'int' to 'float', possible loss of data
     1>..\..\..\..\Source\Plugins\LfpDisplayNode\LfpDisplayCanvas.cpp(1111): warning C4244: 'argument' : conversion from 'int' to 'float', possible loss of data
     1>..\..\..\..\Source\Plugins\LfpDisplayNode\LfpDisplayCanvas.cpp(1483): warning C4244: 'argument' : conversion from 'int' to 'float', possible loss of data
     1>..\..\..\..\Source\Plugins\LfpDisplayNode\LfpDisplayCanvas.cpp(1488): warning C4244: 'argument' : conversion from 'int' to 'float', possible loss of data
     1>..\..\..\..\Source\Plugins\LfpDisplayNode\LfpDisplayCanvas.cpp(1491): warning C4244: 'argument' : conversion from 'int' to 'float', possible loss of data
     1>..\..\..\..\Source\Plugins\LfpDisplayNode\LfpDisplayCanvas.cpp(1643): warning C4244: 'argument' : conversion from 'double' to 'float', possible loss of data
     1>..\..\..\..\Source\Plugins\LfpDisplayNode\LfpDisplayCanvas.cpp(1681): warning C4244: 'argument' : conversion from 'int' to 'float', possible loss of data
     1>..\..\..\..\Source\Plugins\LfpDisplayNode\LfpDisplayCanvas.cpp(1697): warning C4244: 'argument' : conversion from 'int' to 'float', possible loss of data
     1>..\..\..\..\Source\Plugins\LfpDisplayNode\LfpDisplayCanvas.cpp(1698): warning C4244: 'argument' : conversion from 'int' to 'float', possible loss of data
     1>..\..\..\..\Source\Plugins\LfpDisplayNode\LfpDisplayCanvas.cpp(1703): warning C4244: 'argument' : conversion from 'int' to 'float', possible loss of data
     1>..\..\..\..\Source\Plugins\LfpDisplayNode\LfpDisplayCanvas.cpp(1704): warning C4244: 'argument' : conversion from 'int' to 'float', possible loss of data
     1>..\..\..\..\Source\Plugins\LfpDisplayNode\LfpDisplayCanvas.cpp(1709): warning C4244: 'argument' : conversion from 'int' to 'float', possible loss of data
     1>..\..\..\..\Source\Plugins\LfpDisplayNode\LfpDisplayCanvas.cpp(1710): warning C4244: 'argument' : conversion from 'int' to 'float', possible loss of data
     1>..\..\..\..\Source\Plugins\LfpDisplayNode\LfpDisplayCanvas.cpp(1744): warning C4244: 'argument' : conversion from 'int' to 'float', possible loss of data
     1>..\..\..\..\Source\Plugins\LfpDisplayNode\LfpDisplayCanvas.cpp(1769): warning C4244: 'initializing' : conversion from 'float' to 'int', possible loss of data
     1>..\..\..\..\Source\Plugins\LfpDisplayNode\LfpDisplayCanvas.cpp(1783): warning C4244: 'argument' : conversion from 'int' to 'float', possible loss of data
     1>..\..\..\..\Source\Plugins\LfpDisplayNode\LfpDisplayCanvas.cpp(1798): warning C4244: 'argument' : conversion from 'int' to 'float', possible loss of data
     1>..\..\..\..\Source\Plugins\LfpDisplayNode\LfpDisplayCanvas.cpp(1811): warning C4244: '=' : conversion from 'double' to 'int', possible loss of data
     1>..\..\..\..\Source\Plugins\LfpDisplayNode\LfpDisplayCanvas.cpp(1812): warning C4244: '=' : conversion from 'double' to 'int', possible loss of data
     1>..\..\..\..\Source\Plugins\LfpDisplayNode\LfpDisplayCanvas.cpp(1816): warning C4244: '=' : conversion from 'double' to 'int', possible loss of data
     1>..\..\..\..\Source\Plugins\LfpDisplayNode\LfpDisplayCanvas.cpp(1817): warning C4244: '=' : conversion from 'double' to 'int', possible loss of data
     1>..\..\..\..\Source\Plugins\LfpDisplayNode\LfpDisplayCanvas.cpp(1892): warning C4244: 'return' : conversion from 'float' to 'int', possible loss of data
     1>..\..\..\..\Source\Plugins\LfpDisplayNode\LfpDisplayCanvas.cpp(2041): warning C4244: 'argument' : conversion from 'int' to 'float', possible loss of data
         LfpDisplayEditor.cpp
         LfpDisplayNode.cpp
     1>..\..\..\..\Source\Plugins\LfpDisplayNode\LfpDisplayNode.cpp(96): warning C4244: 'initializing' : conversion from 'float' to 'int', possible loss of data
     1>..\..\..\..\Source\Plugins\LfpDisplayNode\LfpDisplayNode.cpp(161): warning C4244: 'initializing' : conversion from 'double' to 'int', possible loss of data
         OpenEphysLib.cpp
       PreLinkEvent:
         if not exist "..\..\x64\Release64\bin\plugins" mkdir "..\..\x64\Release64\bin\plugins"
         :VCEnd
       Link:
         C:\Program Files (x86)\Microsoft Visual Studio 12.0\VC\bin\x86_amd64\link.exe /ERRORREPORT:PROMPT /OUT:"C:\Users\ephys-2\Downloads\plugin-GUI-master\Builds\VisualStudio2013\Plugins\x64\Release\LFP_Viewer.dll" /NOLOGO /LIBPATH:..\..\x64\Release64\bin "open-ephys.lib" setupapi.lib opengl32.lib glu32.lib kernel32.lib user32.lib gdi32.lib winspool.lib comdlg32.lib advapi32.lib shell32.lib ole32.lib oleaut32.lib uuid.lib odbc32.lib odbccp32.lib /MANIFEST /MANIFESTUAC:"level='asInvoker' uiAccess='false'" /manifest:embed /DEBUG /PDB:"C:\Users\ephys-2\Downloads\plugin-GUI-master\Builds\VisualStudio2013\Plugins\x64\Release\LFP_Viewer.pdb" /OPT:REF /OPT:ICF /LTCG /TLBID:1 /DYNAMICBASE /NXCOMPAT /IMPLIB:"C:\Users\ephys-2\Downloads\plugin-GUI-master\Builds\VisualStudio2013\Plugins\x64\Release\LFP_Viewer.lib" /MACHINE:X64 /DLL x64\Release\LfpDisplayCanvas.obj
         x64\Release\LfpDisplayEditor.obj
         x64\Release\LfpDisplayNode.obj
         x64\Release\OpenEphysLib.obj
            Creating library C:\Users\ephys-2\Downloads\plugin-GUI-master\Builds\VisualStudio2013\Plugins\x64\Release\LFP_Viewer.lib and object C:\Users\ephys-2\Downloads\plugin-GUI-master\Builds\VisualStudio2013\Plugins\x64\Release\LFP_Viewer.exp
         Generating code
         Finished generating code
         LFP_Viewer.vcxproj -> C:\Users\ephys-2\Downloads\plugin-GUI-master\Builds\VisualStudio2013\Plugins\x64\Release\LFP_Viewer.dll
       PostBuildEvent:
         copy /Y "C:\Users\ephys-2\Downloads\plugin-GUI-master\Builds\VisualStudio2013\Plugins\x64\Release\LFP_Viewer.dll" "..\..\x64\Release64\bin\plugins\"
         :VCEnd
                 1 file(s) copied.
     1>Done Building Project "C:\Users\ephys-2\Downloads\plugin-GUI-master\Builds\VisualStudio2013\Plugins\LFP_Viewer\LFP_Viewer.vcxproj" (Build target(s)).

Build succeeded.

Time Elapsed 00:00:08.90
