c:\users\ephys-2\downloads\plugin-gui-master\builds\visualstudio2013\plugins\filternode\debug\vc120.pdb
c:\users\ephys-2\downloads\plugin-gui-master\builds\visualstudio2013\plugins\filternode\debug\vc120.idb
c:\users\ephys-2\downloads\plugin-gui-master\builds\visualstudio2013\plugins\filternode\debug\bessel.obj
c:\users\ephys-2\downloads\plugin-gui-master\builds\visualstudio2013\plugins\filternode\debug\biquad.obj
c:\users\ephys-2\downloads\plugin-gui-master\builds\visualstudio2013\plugins\filternode\debug\butterworth.obj
c:\users\ephys-2\downloads\plugin-gui-master\builds\visualstudio2013\plugins\filternode\debug\cascade.obj
c:\users\ephys-2\downloads\plugin-gui-master\builds\visualstudio2013\plugins\filternode\debug\chebyshevi.obj
c:\users\ephys-2\downloads\plugin-gui-master\builds\visualstudio2013\plugins\filternode\debug\chebyshevii.obj
c:\users\ephys-2\downloads\plugin-gui-master\builds\visualstudio2013\plugins\filternode\debug\custom.obj
c:\users\ephys-2\downloads\plugin-gui-master\builds\visualstudio2013\plugins\filternode\debug\design.obj
c:\users\ephys-2\downloads\plugin-gui-master\builds\visualstudio2013\plugins\filternode\debug\documentation.obj
c:\users\ephys-2\downloads\plugin-gui-master\builds\visualstudio2013\plugins\filternode\debug\elliptic.obj
c:\users\ephys-2\downloads\plugin-gui-master\builds\visualstudio2013\plugins\filternode\debug\filter.obj
c:\users\ephys-2\downloads\plugin-gui-master\builds\visualstudio2013\plugins\filternode\debug\legendre.obj
c:\users\ephys-2\downloads\plugin-gui-master\builds\visualstudio2013\plugins\filternode\debug\param.obj
c:\users\ephys-2\downloads\plugin-gui-master\builds\visualstudio2013\plugins\filternode\debug\polefilter.obj
c:\users\ephys-2\downloads\plugin-gui-master\builds\visualstudio2013\plugins\filternode\debug\rbj.obj
c:\users\ephys-2\downloads\plugin-gui-master\builds\visualstudio2013\plugins\filternode\debug\rootfinder.obj
c:\users\ephys-2\downloads\plugin-gui-master\builds\visualstudio2013\plugins\filternode\debug\state.obj
c:\users\ephys-2\downloads\plugin-gui-master\builds\visualstudio2013\plugins\filternode\debug\filtereditor.obj
c:\users\ephys-2\downloads\plugin-gui-master\builds\visualstudio2013\plugins\filternode\debug\filternode.obj
c:\users\ephys-2\downloads\plugin-gui-master\builds\visualstudio2013\plugins\filternode\debug\openephyslib.obj
c:\users\ephys-2\downloads\plugin-gui-master\builds\visualstudio2013\plugins\debug\filternode.lib
c:\users\ephys-2\downloads\plugin-gui-master\builds\visualstudio2013\plugins\debug\filternode.exp
c:\users\ephys-2\downloads\plugin-gui-master\builds\visualstudio2013\plugins\debug\filternode.ilk
c:\users\ephys-2\downloads\plugin-gui-master\builds\visualstudio2013\plugins\debug\filternode.dll
c:\users\ephys-2\downloads\plugin-gui-master\builds\visualstudio2013\plugins\debug\filternode.pdb
c:\users\ephys-2\downloads\plugin-gui-master\builds\visualstudio2013\plugins\filternode\debug\filternode.tlog\cl.command.1.tlog
c:\users\ephys-2\downloads\plugin-gui-master\builds\visualstudio2013\plugins\filternode\debug\filternode.tlog\cl.read.1.tlog
c:\users\ephys-2\downloads\plugin-gui-master\builds\visualstudio2013\plugins\filternode\debug\filternode.tlog\cl.write.1.tlog
c:\users\ephys-2\downloads\plugin-gui-master\builds\visualstudio2013\plugins\filternode\debug\filternode.tlog\filternode.write.1u.tlog
c:\users\ephys-2\downloads\plugin-gui-master\builds\visualstudio2013\plugins\filternode\debug\filternode.tlog\link.command.1.tlog
c:\users\ephys-2\downloads\plugin-gui-master\builds\visualstudio2013\plugins\filternode\debug\filternode.tlog\link.read.1.tlog
c:\users\ephys-2\downloads\plugin-gui-master\builds\visualstudio2013\plugins\filternode\debug\filternode.tlog\link.write.1.tlog
