Build started 9/9/2016 1:34:50 PM.
     1>Project "C:\Users\ephys-2\Desktop\plugin-GUI-master\Builds\VisualStudio2013\Plugins\PulsePalOutput\PulsePalOutput.vcxproj" on node 6 (Build target(s)).
     1>ClCompile:
         C:\Program Files (x86)\Microsoft Visual Studio 12.0\VC\bin\x86_amd64\CL.exe /c /I..\..\..\..\Source\Plugins\Headers /Zi /nologo /W3 /WX- /sdl /Od /D OEPLUGIN /D WIN32 /D _WINDOWS /D DEBUG /D _DEBUG /D "JUCE_API=__declspec(dllimport)" /D JUCER_VS2013_78A5020=1 /D JUCE_APP_VERSION=0.3.5 /D JUCE_APP_VERSION_HEX=0x305 /D _CRT_SECURE_NO_WARNINGS /D _WINDLL /D _MBCS /Gm /EHsc /RTC1 /MDd /GS /fp:precise /Zc:wchar_t /Zc:forScope /Fo"x64\Debug\\" /Fd"x64\Debug\vc120.pdb" /Gd /TP /errorReport:prompt ..\..\..\..\Source\Plugins\PulsePalOutput\OpenEphysLib.cpp ..\..\..\..\Source\Plugins\PulsePalOutput\PulsePalOutput.cpp ..\..\..\..\Source\Plugins\PulsePalOutput\PulsePalOutputEditor.cpp ..\..\..\..\Source\Plugins\PulsePalOutput\serial\PulsePal.cpp
         PulsePal.cpp
     1>..\..\..\..\Source\Plugins\PulsePalOutput\serial\PulsePal.cpp(64): warning C4305: '=' : truncation from 'double' to 'float'
     1>..\..\..\..\Source\Plugins\PulsePalOutput\serial\PulsePal.cpp(65): warning C4305: '=' : truncation from 'double' to 'float'
     1>..\..\..\..\Source\Plugins\PulsePalOutput\serial\PulsePal.cpp(66): warning C4305: '=' : truncation from 'double' to 'float'
     1>..\..\..\..\Source\Plugins\PulsePalOutput\serial\PulsePal.cpp(67): warning C4305: '=' : truncation from 'double' to 'float'
     1>..\..\..\..\Source\Plugins\PulsePalOutput\serial\PulsePal.cpp(312): warning C4309: 'argument' : truncation of constant value
     1>..\..\..\..\Source\Plugins\PulsePalOutput\serial\PulsePal.cpp(314): warning C4309: 'argument' : truncation of constant value
     1>..\..\..\..\Source\Plugins\PulsePalOutput\serial\PulsePal.cpp(324): warning C4309: 'argument' : truncation of constant value
     1>..\..\..\..\Source\Plugins\PulsePalOutput\serial\PulsePal.cpp(425): warning C4333: '>>' : right shift by too large amount, data loss
     1>..\..\..\..\Source\Plugins\PulsePalOutput\serial\PulsePal.cpp(426): warning C4333: '>>' : right shift by too large amount, data loss
     1>..\..\..\..\Source\Plugins\PulsePalOutput\serial\PulsePal.cpp(427): warning C4333: '>>' : right shift by too large amount, data loss
         PulsePalOutputEditor.cpp
     1>..\..\..\..\Source\Plugins\PulsePalOutput\PulsePalOutputEditor.cpp(139): warning C4244: 'argument' : conversion from 'int' to 'float', possible loss of data
     1>..\..\..\..\Source\Plugins\PulsePalOutput\PulsePalOutputEditor.cpp(162): warning C4244: 'argument' : conversion from 'int' to 'float', possible loss of data
     1>..\..\..\..\Source\Plugins\PulsePalOutput\PulsePalOutputEditor.cpp(167): warning C4244: 'argument' : conversion from 'int' to 'float', possible loss of data
         PulsePalOutput.cpp
         OpenEphysLib.cpp
         Generating Code...
       PreLinkEvent:
         if not exist "..\..\x64\Debug64\bin\plugins" mkdir "..\..\x64\Debug64\bin\plugins"
         :VCEnd
       Link:
         C:\Program Files (x86)\Microsoft Visual Studio 12.0\VC\bin\x86_amd64\link.exe /ERRORREPORT:PROMPT /OUT:"C:\Users\ephys-2\Desktop\plugin-GUI-master\Builds\VisualStudio2013\Plugins\x64\Debug\PulsePalOutput.dll" /INCREMENTAL /NOLOGO /LIBPATH:..\..\x64\Debug64\bin "open-ephys.lib" setupapi.lib opengl32.lib glu32.lib kernel32.lib user32.lib gdi32.lib winspool.lib comdlg32.lib advapi32.lib shell32.lib ole32.lib oleaut32.lib uuid.lib odbc32.lib odbccp32.lib /MANIFEST /MANIFESTUAC:"level='asInvoker' uiAccess='false'" /manifest:embed /DEBUG /PDB:"C:\Users\ephys-2\Desktop\plugin-GUI-master\Builds\VisualStudio2013\Plugins\x64\Debug\PulsePalOutput.pdb" /TLBID:1 /DYNAMICBASE /NXCOMPAT /IMPLIB:"C:\Users\ephys-2\Desktop\plugin-GUI-master\Builds\VisualStudio2013\Plugins\x64\Debug\PulsePalOutput.lib" /MACHINE:X64 /DLL x64\Debug\OpenEphysLib.obj
         x64\Debug\PulsePalOutput.obj
         x64\Debug\PulsePalOutputEditor.obj
         x64\Debug\PulsePal.obj
            Creating library C:\Users\ephys-2\Desktop\plugin-GUI-master\Builds\VisualStudio2013\Plugins\x64\Debug\PulsePalOutput.lib and object C:\Users\ephys-2\Desktop\plugin-GUI-master\Builds\VisualStudio2013\Plugins\x64\Debug\PulsePalOutput.exp
         PulsePalOutput.vcxproj -> C:\Users\ephys-2\Desktop\plugin-GUI-master\Builds\VisualStudio2013\Plugins\x64\Debug\PulsePalOutput.dll
       PostBuildEvent:
         copy /Y "C:\Users\ephys-2\Desktop\plugin-GUI-master\Builds\VisualStudio2013\Plugins\x64\Debug\PulsePalOutput.dll" "..\..\x64\Debug64\bin\plugins\"
         :VCEnd
                 1 file(s) copied.
     1>Done Building Project "C:\Users\ephys-2\Desktop\plugin-GUI-master\Builds\VisualStudio2013\Plugins\PulsePalOutput\PulsePalOutput.vcxproj" (Build target(s)).

Build succeeded.

Time Elapsed 00:00:07.34
