Build started 8/26/2016 9:53:46 AM.
     1>Project "C:\Users\ephys-2\Downloads\plugin-GUI-master\Builds\VisualStudio2013\Plugins\NetworkEvents\NetworkEvents.vcxproj" on node 6 (Build target(s)).
     1>ClCompile:
         C:\Program Files (x86)\Microsoft Visual Studio 12.0\VC\bin\CL.exe /c /I"../../../../Resources/windows-libs/ZeroMQ/include" /I..\..\..\..\JuceLibraryCode /I..\..\..\..\JuceLibraryCode\modules /I..\..\..\..\Source\Plugins\Headers /Zi /nologo /W3 /WX- /sdl /O2 /Oi /Oy- /GL /D ZEROMQ /D OEPLUGIN /D WIN32 /D _WINDOWS /D NDEBUG /D "JUCE_API=__declspec(dllimport)" /D JUCER_VS2013_78A5020=1 /D JUCE_APP_VERSION=0.3.5 /D JUCE_APP_VERSION_HEX=0x305 /D _CRT_SECURE_NO_WARNINGS /D OEPLUGIN /D WIN32 /D _WINDOWS /D NDEBUG /D "JUCE_API=__declspec(dllimport)" /D JUCER_VS2013_78A5020=1 /D JUCE_APP_VERSION=0.3.5 /D JUCE_APP_VERSION_HEX=0x305 /D _CRT_SECURE_NO_WARNINGS /D _WINDLL /D _MBCS /Gm- /EHsc /MD /GS /Gy /fp:precise /Zc:wchar_t /Zc:forScope /Fo"Release\\" /Fd"Release\vc120.pdb" /Gd /TP /analyze- /errorReport:prompt ..\..\..\..\Source\Plugins\NetworkEvents\NetworkEvents.cpp ..\..\..\..\Source\Plugins\NetworkEvents\NetworkEventsEditor.cpp ..\..\..\..\Source\Plugins\NetworkEvents\OpenEphysLib.cpp
         NetworkEvents.cpp
     1>..\..\..\..\Source\Plugins\NetworkEvents\NetworkEvents.cpp(249): warning C4244: 'argument' : conversion from 'double' to 'juce::int64', possible loss of data
     1>..\..\..\..\Source\Plugins\NetworkEvents\NetworkEvents.cpp(250): warning C4244: 'argument' : conversion from 'double' to 'juce::int64', possible loss of data
     1>..\..\..\..\Source\Plugins\NetworkEvents\NetworkEvents.cpp(251): warning C4244: 'argument' : conversion from 'double' to 'juce::int64', possible loss of data
     1>..\..\..\..\Source\Plugins\NetworkEvents\NetworkEvents.cpp(324): warning C4305: 'initializing' : truncation from 'double' to 'float'
     1>..\..\..\..\Source\Plugins\NetworkEvents\NetworkEvents.cpp(325): warning C4305: 'initializing' : truncation from 'double' to 'float'
     1>..\..\..\..\Source\Plugins\NetworkEvents\NetworkEvents.cpp(340): warning C4244: 'argument' : conversion from 'float' to 'juce::int64', possible loss of data
     1>..\..\..\..\Source\Plugins\NetworkEvents\NetworkEvents.cpp(342): warning C4244: 'argument' : conversion from 'double' to 'juce::int64', possible loss of data
     1>..\..\..\..\Source\Plugins\NetworkEvents\NetworkEvents.cpp(344): warning C4244: 'argument' : conversion from 'double' to 'juce::int64', possible loss of data
     1>..\..\..\..\Source\Plugins\NetworkEvents\NetworkEvents.cpp(346): warning C4244: 'argument' : conversion from 'double' to 'juce::int64', possible loss of data
     1>..\..\..\..\Source\Plugins\NetworkEvents\NetworkEvents.cpp(347): warning C4244: 'argument' : conversion from 'double' to 'juce::int64', possible loss of data
     1>..\..\..\..\Source\Plugins\NetworkEvents\NetworkEvents.cpp(348): warning C4244: 'argument' : conversion from 'float' to 'juce::int64', possible loss of data
         NetworkEventsEditor.cpp
         OpenEphysLib.cpp
       PreLinkEvent:
         if not exist "..\..\Release\bin\plugins" mkdir "..\..\Release\bin\plugins"
         :VCEnd
       Link:
         C:\Program Files (x86)\Microsoft Visual Studio 12.0\VC\bin\link.exe /ERRORREPORT:PROMPT /OUT:"C:\Users\ephys-2\Downloads\plugin-GUI-master\Builds\VisualStudio2013\Plugins\Release\NetworkEvents.dll" /NOLOGO /LIBPATH:..\..\Release\bin /LIBPATH:"../../../../Resources/windows-libs/ZeroMQ/lib_x86" "libzmq-v120-mt-4_0_4.lib" "open-ephys.lib" setupapi.lib opengl32.lib glu32.lib "open-ephys.lib" setupapi.lib opengl32.lib glu32.lib kernel32.lib user32.lib gdi32.lib winspool.lib comdlg32.lib advapi32.lib shell32.lib ole32.lib oleaut32.lib uuid.lib odbc32.lib odbccp32.lib /MANIFEST /MANIFESTUAC:"level='asInvoker' uiAccess='false'" /manifest:embed /DEBUG /PDB:"C:\Users\ephys-2\Downloads\plugin-GUI-master\Builds\VisualStudio2013\Plugins\Release\NetworkEvents.pdb" /OPT:REF /OPT:ICF /LTCG /TLBID:1 /DYNAMICBASE /NXCOMPAT /IMPLIB:"C:\Users\ephys-2\Downloads\plugin-GUI-master\Builds\VisualStudio2013\Plugins\Release\NetworkEvents.lib" /MACHINE:X86 /SAFESEH /DLL Release\NetworkEvents.obj
         Release\NetworkEventsEditor.obj
         Release\OpenEphysLib.obj
            Creating library C:\Users\ephys-2\Downloads\plugin-GUI-master\Builds\VisualStudio2013\Plugins\Release\NetworkEvents.lib and object C:\Users\ephys-2\Downloads\plugin-GUI-master\Builds\VisualStudio2013\Plugins\Release\NetworkEvents.exp
         Generating code
         Finished generating code
         NetworkEvents.vcxproj -> C:\Users\ephys-2\Downloads\plugin-GUI-master\Builds\VisualStudio2013\Plugins\Release\NetworkEvents.dll
       PostBuildEvent:
         copy /Y "C:\Users\ephys-2\Downloads\plugin-GUI-master\Builds\VisualStudio2013\Plugins\Release\NetworkEvents.dll" "..\..\Release\bin\plugins\"
         :VCEnd
                 1 file(s) copied.
     1>Done Building Project "C:\Users\ephys-2\Downloads\plugin-GUI-master\Builds\VisualStudio2013\Plugins\NetworkEvents\NetworkEvents.vcxproj" (Build target(s)).

Build succeeded.

Time Elapsed 00:00:06.57
