Build started 9/9/2016 1:34:43 PM.
     1>Project "C:\Users\ephys-2\Desktop\plugin-GUI-master\Builds\VisualStudio2013\Plugins\BasicSpikeDisplay\BasicSpikeDisplay.vcxproj" on node 9 (Build target(s)).
     1>ClCompile:
         C:\Program Files (x86)\Microsoft Visual Studio 12.0\VC\bin\x86_amd64\CL.exe /c /I..\..\..\..\Source\Plugins\Headers /Zi /nologo /W3 /WX- /sdl /Od /D OEPLUGIN /D WIN32 /D _WINDOWS /D DEBUG /D _DEBUG /D "JUCE_API=__declspec(dllimport)" /D JUCER_VS2013_78A5020=1 /D JUCE_APP_VERSION=0.3.5 /D JUCE_APP_VERSION_HEX=0x305 /D _CRT_SECURE_NO_WARNINGS /D _WINDLL /D _MBCS /Gm /EHsc /RTC1 /MDd /GS /fp:precise /Zc:wchar_t /Zc:forScope /Fo"x64\Debug\\" /Fd"x64\Debug\vc120.pdb" /Gd /TP /errorReport:prompt ..\..\..\..\Source\Plugins\BasicSpikeDisplay\OpenEphysLib.cpp ..\..\..\..\Source\Plugins\BasicSpikeDisplay\SpikeDetector\SpikeDetector.cpp ..\..\..\..\Source\Plugins\BasicSpikeDisplay\SpikeDetector\SpikeDetectorEditor.cpp ..\..\..\..\Source\Plugins\BasicSpikeDisplay\SpikeDisplayNode\SpikeDisplayCanvas.cpp ..\..\..\..\Source\Plugins\BasicSpikeDisplay\SpikeDisplayNode\SpikeDisplayEditor.cpp ..\..\..\..\Source\Plugins\BasicSpikeDisplay\SpikeDisplayNode\SpikeDisplayNode.cpp
         SpikeDisplayNode.cpp
     1>..\..\..\..\Source\Plugins\BasicSpikeDisplay\SpikeDisplayNode\SpikeDisplayNode.cpp(101): warning C4244: '=' : conversion from 'float' to 'int', possible loss of data
         SpikeDisplayEditor.cpp
     1>..\..\..\..\Source\Plugins\BasicSpikeDisplay\SpikeDisplayNode\SpikeDisplayEditor.cpp(31): warning C4305: 'argument' : truncation from 'int' to 'bool'
         SpikeDisplayCanvas.cpp
     1>..\..\..\..\Source\Plugins\BasicSpikeDisplay\SpikeDisplayNode\SpikeDisplayCanvas.cpp(250): warning C4244: 'argument' : conversion from 'double' to 'float', possible loss of data
     1>..\..\..\..\Source\Plugins\BasicSpikeDisplay\SpikeDisplayNode\SpikeDisplayCanvas.cpp(254): warning C4244: 'argument' : conversion from 'double' to 'float', possible loss of data
     1>..\..\..\..\Source\Plugins\BasicSpikeDisplay\SpikeDisplayNode\SpikeDisplayCanvas.cpp(387): warning C4244: 'argument' : conversion from 'float' to 'int', possible loss of data
     1>..\..\..\..\Source\Plugins\BasicSpikeDisplay\SpikeDisplayNode\SpikeDisplayCanvas.cpp(649): warning C4244: 'initializing' : conversion from 'int' to 'float', possible loss of data
     1>..\..\..\..\Source\Plugins\BasicSpikeDisplay\SpikeDisplayNode\SpikeDisplayCanvas.cpp(650): warning C4244: 'initializing' : conversion from 'int' to 'float', possible loss of data
     1>..\..\..\..\Source\Plugins\BasicSpikeDisplay\SpikeDisplayNode\SpikeDisplayCanvas.cpp(685): warning C4244: 'argument' : conversion from 'float' to 'int', possible loss of data
     1>..\..\..\..\Source\Plugins\BasicSpikeDisplay\SpikeDisplayNode\SpikeDisplayCanvas.cpp(688): warning C4244: 'argument' : conversion from 'float' to 'int', possible loss of data
     1>..\..\..\..\Source\Plugins\BasicSpikeDisplay\SpikeDisplayNode\SpikeDisplayCanvas.cpp(692): warning C4244: 'argument' : conversion from 'float' to 'int', possible loss of data
     1>..\..\..\..\Source\Plugins\BasicSpikeDisplay\SpikeDisplayNode\SpikeDisplayCanvas.cpp(951): warning C4244: 'initializing' : conversion from 'int' to 'float', possible loss of data
     1>..\..\..\..\Source\Plugins\BasicSpikeDisplay\SpikeDisplayNode\SpikeDisplayCanvas.cpp(1015): warning C4244: 'argument' : conversion from 'int' to 'float', possible loss of data
     1>..\..\..\..\Source\Plugins\BasicSpikeDisplay\SpikeDisplayNode\SpikeDisplayCanvas.cpp(1017): warning C4244: 'argument' : conversion from 'float' to 'int', possible loss of data
     1>..\..\..\..\Source\Plugins\BasicSpikeDisplay\SpikeDisplayNode\SpikeDisplayCanvas.cpp(1026): warning C4244: 'argument' : conversion from 'int' to 'float', possible loss of data
     1>..\..\..\..\Source\Plugins\BasicSpikeDisplay\SpikeDisplayNode\SpikeDisplayCanvas.cpp(1032): warning C4244: 'initializing' : conversion from 'int' to 'float', possible loss of data
     1>..\..\..\..\Source\Plugins\BasicSpikeDisplay\SpikeDisplayNode\SpikeDisplayCanvas.cpp(1033): warning C4244: 'initializing' : conversion from 'int' to 'float', possible loss of data
     1>..\..\..\..\Source\Plugins\BasicSpikeDisplay\SpikeDisplayNode\SpikeDisplayCanvas.cpp(1113): warning C4244: 'initializing' : conversion from 'const int' to 'float', possible loss of data
     1>..\..\..\..\Source\Plugins\BasicSpikeDisplay\SpikeDisplayNode\SpikeDisplayCanvas.cpp(1291): warning C4244: 'argument' : conversion from 'const float' to 'uint16_t', possible loss of data
     1>..\..\..\..\Source\Plugins\BasicSpikeDisplay\SpikeDisplayNode\SpikeDisplayCanvas.cpp(1316): warning C4244: 'initializing' : conversion from 'double' to 'int', possible loss of data
     1>..\..\..\..\Source\Plugins\BasicSpikeDisplay\SpikeDisplayNode\SpikeDisplayCanvas.cpp(1498): warning C4244: 'initializing' : conversion from 'double' to 'int', possible loss of data
         SpikeDetectorEditor.cpp
     1>..\..\..\..\Source\Plugins\BasicSpikeDisplay\SpikeDetector\SpikeDetectorEditor.cpp(168): warning C4244: 'argument' : conversion from 'double' to 'float', possible loss of data
         SpikeDetector.cpp
     1>..\..\..\..\Source\Plugins\BasicSpikeDisplay\SpikeDetector\SpikeDetector.cpp(246): warning C4554: '&' : check operator precedence for possible error; use parentheses to clarify precedence
     1>..\..\..\..\Source\Plugins\BasicSpikeDisplay\SpikeDetector\SpikeDetector.cpp(384): warning C4244: '=' : conversion from 'int' to 'float', possible loss of data
     1>..\..\..\..\Source\Plugins\BasicSpikeDisplay\SpikeDetector\SpikeDetector.cpp(741): warning C4244: 'argument' : conversion from 'double' to 'float', possible loss of data
         OpenEphysLib.cpp
         Generating Code...
       PreLinkEvent:
         if not exist "..\..\x64\Debug64\bin\plugins" mkdir "..\..\x64\Debug64\bin\plugins"
         :VCEnd
       Link:
         C:\Program Files (x86)\Microsoft Visual Studio 12.0\VC\bin\x86_amd64\link.exe /ERRORREPORT:PROMPT /OUT:"C:\Users\ephys-2\Desktop\plugin-GUI-master\Builds\VisualStudio2013\Plugins\x64\Debug\BasicSpikeDisplay.dll" /INCREMENTAL /NOLOGO /LIBPATH:..\..\x64\Debug64\bin "open-ephys.lib" setupapi.lib opengl32.lib glu32.lib kernel32.lib user32.lib gdi32.lib winspool.lib comdlg32.lib advapi32.lib shell32.lib ole32.lib oleaut32.lib uuid.lib odbc32.lib odbccp32.lib /MANIFEST /MANIFESTUAC:"level='asInvoker' uiAccess='false'" /manifest:embed /DEBUG /PDB:"C:\Users\ephys-2\Desktop\plugin-GUI-master\Builds\VisualStudio2013\Plugins\x64\Debug\BasicSpikeDisplay.pdb" /TLBID:1 /DYNAMICBASE /NXCOMPAT /IMPLIB:"C:\Users\ephys-2\Desktop\plugin-GUI-master\Builds\VisualStudio2013\Plugins\x64\Debug\BasicSpikeDisplay.lib" /MACHINE:X64 /DLL x64\Debug\OpenEphysLib.obj
         x64\Debug\SpikeDetector.obj
         x64\Debug\SpikeDetectorEditor.obj
         x64\Debug\SpikeDisplayCanvas.obj
         x64\Debug\SpikeDisplayEditor.obj
         x64\Debug\SpikeDisplayNode.obj
            Creating library C:\Users\ephys-2\Desktop\plugin-GUI-master\Builds\VisualStudio2013\Plugins\x64\Debug\BasicSpikeDisplay.lib and object C:\Users\ephys-2\Desktop\plugin-GUI-master\Builds\VisualStudio2013\Plugins\x64\Debug\BasicSpikeDisplay.exp
         BasicSpikeDisplay.vcxproj -> C:\Users\ephys-2\Desktop\plugin-GUI-master\Builds\VisualStudio2013\Plugins\x64\Debug\BasicSpikeDisplay.dll
       PostBuildEvent:
         copy /Y "C:\Users\ephys-2\Desktop\plugin-GUI-master\Builds\VisualStudio2013\Plugins\x64\Debug\BasicSpikeDisplay.dll" "..\..\x64\Debug64\bin\plugins\"
         :VCEnd
                 1 file(s) copied.
     1>Done Building Project "C:\Users\ephys-2\Desktop\plugin-GUI-master\Builds\VisualStudio2013\Plugins\BasicSpikeDisplay\BasicSpikeDisplay.vcxproj" (Build target(s)).

Build succeeded.

Time Elapsed 00:00:10.81
