Build started 8/26/2016 9:53:57 AM.
     1>Project "C:\Users\ephys-2\Downloads\plugin-GUI-master\Builds\VisualStudio2013\Plugins\PhaseCalculator\PhaseCalculator.vcxproj" on node 9 (Build target(s)).
     1>PreBuildEvent:
         cd fftw-dll32
         lib /machine:x86 /def:libfftw3-3.def
         cd ..
         :VCEnd
         Microsoft (R) Library Manager Version 12.00.40629.0
         Copyright (C) Microsoft Corporation.  All rights reserved.
         
            Creating library libfftw3-3.lib and object libfftw3-3.exp
       ClCompile:
         C:\Program Files (x86)\Microsoft Visual Studio 12.0\VC\bin\CL.exe /c /I"C:\Users\ephys-2\Downloads\plugin-GUI-master\Builds\VisualStudio2013\Plugins\PhaseCalculator\fftw-dll32" /I..\..\..\..\Source\Plugins\Headers /Zi /nologo /W3 /WX- /sdl /O2 /Oi /Oy- /GL /D _SCL_SECURE_NO_WARNINGS /D OEPLUGIN /D WIN32 /D _WINDOWS /D NDEBUG /D "JUCE_API=__declspec(dllimport)" /D JUCER_VS2013_78A5020=1 /D JUCE_APP_VERSION=0.3.5 /D JUCE_APP_VERSION_HEX=0x305 /D _CRT_SECURE_NO_WARNINGS /D _WINDLL /D _MBCS /Gm- /EHsc /MD /GS /Gy /fp:precise /Zc:wchar_t /Zc:forScope /Fo"Release\\" /Fd"Release\vc120.pdb" /Gd /TP /analyze- /errorReport:prompt ..\..\..\..\Source\Plugins\PhaseCalculator\burg.cpp ..\..\..\..\Source\Plugins\PhaseCalculator\PhaseCalculatorEditor.cpp ..\..\..\..\Source\Plugins\PhaseCalculator\PhaseCalculator.cpp ..\..\..\..\Source\Plugins\PhaseCalculator\OpenEphysLib.cpp
         burg.cpp
         PhaseCalculatorEditor.cpp
     1>..\..\..\..\Source\Plugins\PhaseCalculator\PhaseCalculatorEditor.cpp(40): warning C4101: 'e' : unreferenced local variable
     1>..\..\..\..\Source\Plugins\PhaseCalculator\PhaseCalculatorEditor.cpp(251): warning C4244: 'argument' : conversion from 'double' to 'int', possible loss of data
     1>..\..\..\..\Source\Plugins\PhaseCalculator\PhaseCalculatorEditor.cpp(264): warning C4244: 'argument' : conversion from 'double' to 'int', possible loss of data
         PhaseCalculator.cpp
         OpenEphysLib.cpp
       PreLinkEvent:
         if not exist "..\..\Release\bin\plugins" mkdir "..\..\Release\bin\plugins"
         :VCEnd
       Link:
         C:\Program Files (x86)\Microsoft Visual Studio 12.0\VC\bin\link.exe /ERRORREPORT:PROMPT /OUT:"C:\Users\ephys-2\Downloads\plugin-GUI-master\Builds\VisualStudio2013\Plugins\Release\PhaseCalculator.dll" /NOLOGO /LIBPATH:"C:\Users\ephys-2\Downloads\plugin-GUI-master\Builds\VisualStudio2013\Plugins\PhaseCalculator\fftw-dll32" /LIBPATH:..\..\Release\bin "libfftw3-3.lib" "open-ephys.lib" setupapi.lib opengl32.lib glu32.lib kernel32.lib user32.lib gdi32.lib winspool.lib comdlg32.lib advapi32.lib shell32.lib ole32.lib oleaut32.lib uuid.lib odbc32.lib odbccp32.lib /MANIFEST /MANIFESTUAC:"level='asInvoker' uiAccess='false'" /manifest:embed /DEBUG /PDB:"C:\Users\ephys-2\Downloads\plugin-GUI-master\Builds\VisualStudio2013\Plugins\Release\PhaseCalculator.pdb" /OPT:REF /OPT:ICF /LTCG /TLBID:1 /DYNAMICBASE /NXCOMPAT /IMPLIB:"C:\Users\ephys-2\Downloads\plugin-GUI-master\Builds\VisualStudio2013\Plugins\Release\PhaseCalculator.lib" /MACHINE:X86 /SAFESEH /DLL Release\burg.obj
         Release\PhaseCalculatorEditor.obj
         Release\PhaseCalculator.obj
         Release\OpenEphysLib.obj
            Creating library C:\Users\ephys-2\Downloads\plugin-GUI-master\Builds\VisualStudio2013\Plugins\Release\PhaseCalculator.lib and object C:\Users\ephys-2\Downloads\plugin-GUI-master\Builds\VisualStudio2013\Plugins\Release\PhaseCalculator.exp
         Generating code
         Finished generating code
         PhaseCalculator.vcxproj -> C:\Users\ephys-2\Downloads\plugin-GUI-master\Builds\VisualStudio2013\Plugins\Release\PhaseCalculator.dll
       PostBuildEvent:
         copy /Y "C:\Users\ephys-2\Downloads\plugin-GUI-master\Builds\VisualStudio2013\Plugins\Release\PhaseCalculator.dll" "..\..\Release\bin\plugins\";
         copy /Y "C:\Users\ephys-2\Downloads\plugin-GUI-master\Builds\VisualStudio2013\Plugins\PhaseCalculator\fftw-dll32\libfftw3-3.dll" "..\..\Release\bin\plugins\..\"
         :VCEnd
                 1 file(s) copied.
                 1 file(s) copied.
     1>Done Building Project "C:\Users\ephys-2\Downloads\plugin-GUI-master\Builds\VisualStudio2013\Plugins\PhaseCalculator\PhaseCalculator.vcxproj" (Build target(s)).

Build succeeded.

Time Elapsed 00:00:06.02
