Build started 8/26/2016 9:44:49 AM.
     1>Project "C:\Users\ephys-2\Downloads\plugin-GUI-master\Builds\VisualStudio2013\Plugins\CommonAvgRef\CommonAvgRef.vcxproj" on node 3 (Build target(s)).
     1>ClCompile:
         C:\Program Files (x86)\Microsoft Visual Studio 12.0\VC\bin\x86_amd64\CL.exe /c /I..\..\..\..\Source\Plugins\Headers /Zi /nologo /W3 /WX- /sdl /O2 /Oi /GL /D OEPLUGIN /D WIN32 /D _WINDOWS /D NDEBUG /D "JUCE_API=__declspec(dllimport)" /D JUCER_VS2013_78A5020=1 /D JUCE_APP_VERSION=0.3.5 /D JUCE_APP_VERSION_HEX=0x305 /D _CRT_SECURE_NO_WARNINGS /D _WINDLL /D _MBCS /Gm- /EHsc /MD /GS /Gy /fp:precise /Zc:wchar_t /Zc:forScope /Fo"x64\Release\\" /Fd"x64\Release\vc120.pdb" /Gd /TP /errorReport:prompt ..\..\..\..\Source\Plugins\CAR\CAR.cpp ..\..\..\..\Source\Plugins\CAR\CAREditor.cpp ..\..\..\..\Source\Plugins\CAR\OpenEphysLib.cpp
         CAR.cpp
         CAREditor.cpp
     1>c:\users\ephys-2\downloads\plugin-gui-master\source\ui\lookandfeel\CustomLookAndFeel.h(109): warning C4373: 'CustomLookAndFeel::drawComboBox': virtual function overrides 'juce::LookAndFeel_V2::drawComboBox', previous versions of the compiler did not override when parameters only differed by const/volatile qualifiers
                 c:\users\ephys-2\downloads\plugin-gui-master\jucelibrarycode\modules\juce_gui_basics\lookandfeel/juce_LookAndFeel_V2.h(159) : see declaration of 'juce::LookAndFeel_V2::drawComboBox'
         OpenEphysLib.cpp
       PreLinkEvent:
         if not exist "..\..\x64\Release64\bin\plugins" mkdir "..\..\x64\Release64\bin\plugins"
         :VCEnd
       Link:
         C:\Program Files (x86)\Microsoft Visual Studio 12.0\VC\bin\x86_amd64\link.exe /ERRORREPORT:PROMPT /OUT:"C:\Users\ephys-2\Downloads\plugin-GUI-master\Builds\VisualStudio2013\Plugins\x64\Release\CommonAvgRef.dll" /NOLOGO /LIBPATH:..\..\x64\Release64\bin "open-ephys.lib" setupapi.lib opengl32.lib glu32.lib kernel32.lib user32.lib gdi32.lib winspool.lib comdlg32.lib advapi32.lib shell32.lib ole32.lib oleaut32.lib uuid.lib odbc32.lib odbccp32.lib /MANIFEST /MANIFESTUAC:"level='asInvoker' uiAccess='false'" /manifest:embed /DEBUG /PDB:"C:\Users\ephys-2\Downloads\plugin-GUI-master\Builds\VisualStudio2013\Plugins\x64\Release\CommonAvgRef.pdb" /OPT:REF /OPT:ICF /LTCG /TLBID:1 /DYNAMICBASE /NXCOMPAT /IMPLIB:"C:\Users\ephys-2\Downloads\plugin-GUI-master\Builds\VisualStudio2013\Plugins\x64\Release\CommonAvgRef.lib" /MACHINE:X64 /DLL x64\Release\CAR.obj
         x64\Release\CAREditor.obj
         x64\Release\OpenEphysLib.obj
            Creating library C:\Users\ephys-2\Downloads\plugin-GUI-master\Builds\VisualStudio2013\Plugins\x64\Release\CommonAvgRef.lib and object C:\Users\ephys-2\Downloads\plugin-GUI-master\Builds\VisualStudio2013\Plugins\x64\Release\CommonAvgRef.exp
         Generating code
         Finished generating code
         CommonAvgRef.vcxproj -> C:\Users\ephys-2\Downloads\plugin-GUI-master\Builds\VisualStudio2013\Plugins\x64\Release\CommonAvgRef.dll
       PostBuildEvent:
         copy /Y "C:\Users\ephys-2\Downloads\plugin-GUI-master\Builds\VisualStudio2013\Plugins\x64\Release\CommonAvgRef.dll" "..\..\x64\Release64\bin\plugins\"
         :VCEnd
                 1 file(s) copied.
     1>Done Building Project "C:\Users\ephys-2\Downloads\plugin-GUI-master\Builds\VisualStudio2013\Plugins\CommonAvgRef\CommonAvgRef.vcxproj" (Build target(s)).

Build succeeded.

Time Elapsed 00:00:06.37
