Build started 8/26/2016 9:50:55 AM.
     1>Project "C:\Users\ephys-2\Downloads\plugin-GUI-master\Builds\VisualStudio2013\Plugins\BasicSpikeDisplay\BasicSpikeDisplay.vcxproj" on node 6 (Rebuild target(s)).
     1>ClCompile:
         C:\Program Files (x86)\Microsoft Visual Studio 12.0\VC\bin\CL.exe /c /I..\..\..\..\Source\Plugins\Headers /ZI /nologo /W3 /WX- /sdl /Od /Oy- /D OEPLUGIN /D WIN32 /D _WINDOWS /D DEBUG /D _DEBUG /D "JUCE_API=__declspec(dllimport)" /D JUCER_VS2013_78A5020=1 /D JUCE_APP_VERSION=0.3.5 /D JUCE_APP_VERSION_HEX=0x305 /D _CRT_SECURE_NO_WARNINGS /D _WINDLL /D _MBCS /Gm /EHsc /RTC1 /MDd /GS /fp:precise /Zc:wchar_t /Zc:forScope /Fo"Debug\\" /Fd"Debug\vc120.pdb" /Gd /TP /analyze- /errorReport:prompt ..\..\..\..\Source\Plugins\BasicSpikeDisplay\OpenEphysLib.cpp ..\..\..\..\Source\Plugins\BasicSpikeDisplay\SpikeDetector\SpikeDetector.cpp ..\..\..\..\Source\Plugins\BasicSpikeDisplay\SpikeDetector\SpikeDetectorEditor.cpp ..\..\..\..\Source\Plugins\BasicSpikeDisplay\SpikeDisplayNode\SpikeDisplayCanvas.cpp ..\..\..\..\Source\Plugins\BasicSpikeDisplay\SpikeDisplayNode\SpikeDisplayEditor.cpp ..\..\..\..\Source\Plugins\BasicSpikeDisplay\SpikeDisplayNode\SpikeDisplayNode.cpp
         SpikeDisplayNode.cpp
     1>c:\users\ephys-2\downloads\plugin-gui-master\source\plugins\basicspikedisplay\spikedisplaynode\spikedisplaynode.cpp(101): warning C4244: '=' : conversion from 'float' to 'int', possible loss of data
         SpikeDisplayEditor.cpp
     1>c:\users\ephys-2\downloads\plugin-gui-master\source\plugins\basicspikedisplay\spikedisplaynode\spikedisplayeditor.cpp(31): warning C4305: 'argument' : truncation from 'int' to 'bool'
         SpikeDisplayCanvas.cpp
     1>c:\users\ephys-2\downloads\plugin-gui-master\source\plugins\basicspikedisplay\spikedisplaynode\spikedisplaycanvas.cpp(250): warning C4244: 'argument' : conversion from 'double' to 'float', possible loss of data
     1>c:\users\ephys-2\downloads\plugin-gui-master\source\plugins\basicspikedisplay\spikedisplaynode\spikedisplaycanvas.cpp(254): warning C4244: 'argument' : conversion from 'double' to 'float', possible loss of data
     1>c:\users\ephys-2\downloads\plugin-gui-master\source\plugins\basicspikedisplay\spikedisplaynode\spikedisplaycanvas.cpp(387): warning C4244: 'argument' : conversion from 'float' to 'int', possible loss of data
     1>c:\users\ephys-2\downloads\plugin-gui-master\source\plugins\basicspikedisplay\spikedisplaynode\spikedisplaycanvas.cpp(649): warning C4244: 'initializing' : conversion from 'int' to 'float', possible loss of data
     1>c:\users\ephys-2\downloads\plugin-gui-master\source\plugins\basicspikedisplay\spikedisplaynode\spikedisplaycanvas.cpp(650): warning C4244: 'initializing' : conversion from 'int' to 'float', possible loss of data
     1>c:\users\ephys-2\downloads\plugin-gui-master\source\plugins\basicspikedisplay\spikedisplaynode\spikedisplaycanvas.cpp(685): warning C4244: 'argument' : conversion from 'float' to 'int', possible loss of data
     1>c:\users\ephys-2\downloads\plugin-gui-master\source\plugins\basicspikedisplay\spikedisplaynode\spikedisplaycanvas.cpp(688): warning C4244: 'argument' : conversion from 'float' to 'int', possible loss of data
     1>c:\users\ephys-2\downloads\plugin-gui-master\source\plugins\basicspikedisplay\spikedisplaynode\spikedisplaycanvas.cpp(692): warning C4244: 'argument' : conversion from 'float' to 'int', possible loss of data
     1>c:\users\ephys-2\downloads\plugin-gui-master\source\plugins\basicspikedisplay\spikedisplaynode\spikedisplaycanvas.cpp(951): warning C4244: 'initializing' : conversion from 'int' to 'float', possible loss of data
     1>c:\users\ephys-2\downloads\plugin-gui-master\source\plugins\basicspikedisplay\spikedisplaynode\spikedisplaycanvas.cpp(1015): warning C4244: 'argument' : conversion from 'int' to 'float', possible loss of data
     1>c:\users\ephys-2\downloads\plugin-gui-master\source\plugins\basicspikedisplay\spikedisplaynode\spikedisplaycanvas.cpp(1017): warning C4244: 'argument' : conversion from 'float' to 'int', possible loss of data
     1>c:\users\ephys-2\downloads\plugin-gui-master\source\plugins\basicspikedisplay\spikedisplaynode\spikedisplaycanvas.cpp(1026): warning C4244: 'argument' : conversion from 'int' to 'float', possible loss of data
     1>c:\users\ephys-2\downloads\plugin-gui-master\source\plugins\basicspikedisplay\spikedisplaynode\spikedisplaycanvas.cpp(1032): warning C4244: 'initializing' : conversion from 'int' to 'float', possible loss of data
     1>c:\users\ephys-2\downloads\plugin-gui-master\source\plugins\basicspikedisplay\spikedisplaynode\spikedisplaycanvas.cpp(1033): warning C4244: 'initializing' : conversion from 'int' to 'float', possible loss of data
     1>c:\users\ephys-2\downloads\plugin-gui-master\source\plugins\basicspikedisplay\spikedisplaynode\spikedisplaycanvas.cpp(1113): warning C4244: 'initializing' : conversion from 'const int' to 'float', possible loss of data
     1>c:\users\ephys-2\downloads\plugin-gui-master\source\plugins\basicspikedisplay\spikedisplaynode\spikedisplaycanvas.cpp(1291): warning C4244: 'argument' : conversion from 'const float' to 'uint16_t', possible loss of data
     1>c:\users\ephys-2\downloads\plugin-gui-master\source\plugins\basicspikedisplay\spikedisplaynode\spikedisplaycanvas.cpp(1316): warning C4244: 'initializing' : conversion from 'double' to 'int', possible loss of data
     1>c:\users\ephys-2\downloads\plugin-gui-master\source\plugins\basicspikedisplay\spikedisplaynode\spikedisplaycanvas.cpp(1498): warning C4244: 'initializing' : conversion from 'double' to 'int', possible loss of data
         SpikeDetectorEditor.cpp
     1>c:\users\ephys-2\downloads\plugin-gui-master\source\plugins\basicspikedisplay\spikedetector\spikedetectoreditor.cpp(168): warning C4244: 'argument' : conversion from 'double' to 'float', possible loss of data
         SpikeDetector.cpp
     1>c:\users\ephys-2\downloads\plugin-gui-master\source\plugins\basicspikedisplay\spikedetector\spikedetector.cpp(246): warning C4554: '&' : check operator precedence for possible error; use parentheses to clarify precedence
     1>c:\users\ephys-2\downloads\plugin-gui-master\source\plugins\basicspikedisplay\spikedetector\spikedetector.cpp(384): warning C4244: '=' : conversion from 'int' to 'float', possible loss of data
     1>c:\users\ephys-2\downloads\plugin-gui-master\source\plugins\basicspikedisplay\spikedetector\spikedetector.cpp(741): warning C4244: 'argument' : conversion from 'double' to 'float', possible loss of data
         OpenEphysLib.cpp
         Generating Code...
       PreLinkEvent:
         if not exist "..\..\Debug\bin\plugins" mkdir "..\..\Debug\bin\plugins"
         :VCEnd
       Link:
         C:\Program Files (x86)\Microsoft Visual Studio 12.0\VC\bin\link.exe /ERRORREPORT:PROMPT /OUT:"C:\Users\ephys-2\Downloads\plugin-GUI-master\Builds\VisualStudio2013\Plugins\Debug\BasicSpikeDisplay.dll" /INCREMENTAL /NOLOGO /LIBPATH:..\..\Debug\bin "open-ephys.lib" setupapi.lib opengl32.lib glu32.lib kernel32.lib user32.lib gdi32.lib winspool.lib comdlg32.lib advapi32.lib shell32.lib ole32.lib oleaut32.lib uuid.lib odbc32.lib odbccp32.lib /MANIFEST /MANIFESTUAC:"level='asInvoker' uiAccess='false'" /manifest:embed /DEBUG /PDB:"C:\Users\ephys-2\Downloads\plugin-GUI-master\Builds\VisualStudio2013\Plugins\Debug\BasicSpikeDisplay.pdb" /TLBID:1 /DYNAMICBASE /NXCOMPAT /IMPLIB:"C:\Users\ephys-2\Downloads\plugin-GUI-master\Builds\VisualStudio2013\Plugins\Debug\BasicSpikeDisplay.lib" /MACHINE:X86 /DLL Debug\OpenEphysLib.obj
         Debug\SpikeDetector.obj
         Debug\SpikeDetectorEditor.obj
         Debug\SpikeDisplayCanvas.obj
         Debug\SpikeDisplayEditor.obj
         Debug\SpikeDisplayNode.obj
            Creating library C:\Users\ephys-2\Downloads\plugin-GUI-master\Builds\VisualStudio2013\Plugins\Debug\BasicSpikeDisplay.lib and object C:\Users\ephys-2\Downloads\plugin-GUI-master\Builds\VisualStudio2013\Plugins\Debug\BasicSpikeDisplay.exp
         BasicSpikeDisplay.vcxproj -> C:\Users\ephys-2\Downloads\plugin-GUI-master\Builds\VisualStudio2013\Plugins\Debug\BasicSpikeDisplay.dll
       PostBuildEvent:
         copy /Y "C:\Users\ephys-2\Downloads\plugin-GUI-master\Builds\VisualStudio2013\Plugins\Debug\BasicSpikeDisplay.dll" "..\..\Debug\bin\plugins\"
         :VCEnd
                 1 file(s) copied.
     1>Done Building Project "C:\Users\ephys-2\Downloads\plugin-GUI-master\Builds\VisualStudio2013\Plugins\BasicSpikeDisplay\BasicSpikeDisplay.vcxproj" (Rebuild target(s)).

Build succeeded.

Time Elapsed 00:00:10.21
