c:\users\ephys-2\downloads\plugin-gui-master\builds\visualstudio2013\plugins\debug\basicspikedisplay.lib
c:\users\ephys-2\downloads\plugin-gui-master\builds\visualstudio2013\plugins\debug\basicspikedisplay.exp
c:\users\ephys-2\downloads\plugin-gui-master\builds\visualstudio2013\plugins\basicspikedisplay\debug\vc120.pdb
c:\users\ephys-2\downloads\plugin-gui-master\builds\visualstudio2013\plugins\basicspikedisplay\debug\vc120.idb
c:\users\ephys-2\downloads\plugin-gui-master\builds\visualstudio2013\plugins\basicspikedisplay\debug\openephyslib.obj
c:\users\ephys-2\downloads\plugin-gui-master\builds\visualstudio2013\plugins\basicspikedisplay\debug\spikedetector.obj
c:\users\ephys-2\downloads\plugin-gui-master\builds\visualstudio2013\plugins\basicspikedisplay\debug\spikedetectoreditor.obj
c:\users\ephys-2\downloads\plugin-gui-master\builds\visualstudio2013\plugins\basicspikedisplay\debug\spikedisplaycanvas.obj
c:\users\ephys-2\downloads\plugin-gui-master\builds\visualstudio2013\plugins\basicspikedisplay\debug\spikedisplayeditor.obj
c:\users\ephys-2\downloads\plugin-gui-master\builds\visualstudio2013\plugins\basicspikedisplay\debug\spikedisplaynode.obj
c:\users\ephys-2\downloads\plugin-gui-master\builds\visualstudio2013\plugins\debug\basicspikedisplay.ilk
c:\users\ephys-2\downloads\plugin-gui-master\builds\visualstudio2013\plugins\debug\basicspikedisplay.dll
c:\users\ephys-2\downloads\plugin-gui-master\builds\visualstudio2013\plugins\debug\basicspikedisplay.pdb
c:\users\ephys-2\downloads\plugin-gui-master\builds\visualstudio2013\plugins\basicspikedisplay\debug\basicspi.9d050dcc.tlog\basicspikedisplay.write.1u.tlog
c:\users\ephys-2\downloads\plugin-gui-master\builds\visualstudio2013\plugins\basicspikedisplay\debug\basicspi.9d050dcc.tlog\cl.command.1.tlog
c:\users\ephys-2\downloads\plugin-gui-master\builds\visualstudio2013\plugins\basicspikedisplay\debug\basicspi.9d050dcc.tlog\cl.read.1.tlog
c:\users\ephys-2\downloads\plugin-gui-master\builds\visualstudio2013\plugins\basicspikedisplay\debug\basicspi.9d050dcc.tlog\cl.write.1.tlog
c:\users\ephys-2\downloads\plugin-gui-master\builds\visualstudio2013\plugins\basicspikedisplay\debug\basicspi.9d050dcc.tlog\link.command.1.tlog
c:\users\ephys-2\downloads\plugin-gui-master\builds\visualstudio2013\plugins\basicspikedisplay\debug\basicspi.9d050dcc.tlog\link.read.1.tlog
c:\users\ephys-2\downloads\plugin-gui-master\builds\visualstudio2013\plugins\basicspikedisplay\debug\basicspi.9d050dcc.tlog\link.write.1.tlog
