Build started 8/26/2016 9:53:53 AM.
     1>Project "C:\Users\ephys-2\Downloads\plugin-GUI-master\Builds\VisualStudio2013\Plugins\RecordControl\RecordControl.vcxproj" on node 4 (Build target(s)).
     1>ClCompile:
         C:\Program Files (x86)\Microsoft Visual Studio 12.0\VC\bin\CL.exe /c /I..\..\..\..\Source\Plugins\Headers /Zi /nologo /W3 /WX- /sdl /O2 /Oi /Oy- /GL /D OEPLUGIN /D WIN32 /D _WINDOWS /D NDEBUG /D "JUCE_API=__declspec(dllimport)" /D JUCER_VS2013_78A5020=1 /D JUCE_APP_VERSION=0.3.5 /D JUCE_APP_VERSION_HEX=0x305 /D _CRT_SECURE_NO_WARNINGS /D _WINDLL /D _MBCS /Gm- /EHsc /MD /GS /Gy /fp:precise /Zc:wchar_t /Zc:forScope /Fo"Release\\" /Fd"Release\vc120.pdb" /Gd /TP /analyze- /errorReport:prompt ..\..\..\..\Source\Plugins\RecordControl\OpenEphysLib.cpp ..\..\..\..\Source\Plugins\RecordControl\RecordControl.cpp ..\..\..\..\Source\Plugins\RecordControl\RecordControlEditor.cpp
         OpenEphysLib.cpp
         RecordControl.cpp
         RecordControlEditor.cpp
     1>..\..\..\..\Source\Plugins\RecordControl\RecordControlEditor.cpp(123): warning C4244: 'argument' : conversion from 'int' to 'float', possible loss of data
     1>..\..\..\..\Source\Plugins\RecordControl\RecordControlEditor.cpp(127): warning C4244: 'argument' : conversion from 'int' to 'float', possible loss of data
       PreLinkEvent:
         if not exist "..\..\Release\bin\plugins" mkdir "..\..\Release\bin\plugins"
         :VCEnd
       Link:
         C:\Program Files (x86)\Microsoft Visual Studio 12.0\VC\bin\link.exe /ERRORREPORT:PROMPT /OUT:"C:\Users\ephys-2\Downloads\plugin-GUI-master\Builds\VisualStudio2013\Plugins\Release\RecordControl.dll" /NOLOGO /LIBPATH:..\..\Release\bin "open-ephys.lib" setupapi.lib opengl32.lib glu32.lib kernel32.lib user32.lib gdi32.lib winspool.lib comdlg32.lib advapi32.lib shell32.lib ole32.lib oleaut32.lib uuid.lib odbc32.lib odbccp32.lib /MANIFEST /MANIFESTUAC:"level='asInvoker' uiAccess='false'" /manifest:embed /DEBUG /PDB:"C:\Users\ephys-2\Downloads\plugin-GUI-master\Builds\VisualStudio2013\Plugins\Release\RecordControl.pdb" /OPT:REF /OPT:ICF /LTCG /TLBID:1 /DYNAMICBASE /NXCOMPAT /IMPLIB:"C:\Users\ephys-2\Downloads\plugin-GUI-master\Builds\VisualStudio2013\Plugins\Release\RecordControl.lib" /MACHINE:X86 /SAFESEH /DLL Release\OpenEphysLib.obj
         Release\RecordControl.obj
         Release\RecordControlEditor.obj
            Creating library C:\Users\ephys-2\Downloads\plugin-GUI-master\Builds\VisualStudio2013\Plugins\Release\RecordControl.lib and object C:\Users\ephys-2\Downloads\plugin-GUI-master\Builds\VisualStudio2013\Plugins\Release\RecordControl.exp
         Generating code
         Finished generating code
         RecordControl.vcxproj -> C:\Users\ephys-2\Downloads\plugin-GUI-master\Builds\VisualStudio2013\Plugins\Release\RecordControl.dll
       PostBuildEvent:
         copy /Y "C:\Users\ephys-2\Downloads\plugin-GUI-master\Builds\VisualStudio2013\Plugins\Release\RecordControl.dll" "..\..\Release\bin\plugins\"
         :VCEnd
                 1 file(s) copied.
     1>Done Building Project "C:\Users\ephys-2\Downloads\plugin-GUI-master\Builds\VisualStudio2013\Plugins\RecordControl\RecordControl.vcxproj" (Build target(s)).

Build succeeded.

Time Elapsed 00:00:06.95
