Build started 8/26/2016 9:50:55 AM.
     1>Project "C:\Users\ephys-2\Downloads\plugin-GUI-master\Builds\VisualStudio2013\Plugins\KWIKFormat\KWIKFormat.vcxproj" on node 3 (Rebuild target(s)).
     1>ClCompile:
         C:\Program Files (x86)\Microsoft Visual Studio 12.0\VC\bin\CL.exe /c /I"../../../../Resources/windows-libs/HDF5/include" /I..\..\..\..\JuceLibraryCode /I..\..\..\..\JuceLibraryCode\modules /I..\..\..\..\Source\Plugins\Headers /ZI /nologo /W3 /WX- /sdl /Od /Oy- /D OEPLUGIN /D WIN32 /D _WINDOWS /D DEBUG /D _DEBUG /D "JUCE_API=__declspec(dllimport)" /D JUCER_VS2013_78A5020=1 /D JUCE_APP_VERSION=0.3.5 /D JUCE_APP_VERSION_HEX=0x305 /D _CRT_SECURE_NO_WARNINGS /D _WINDLL /D _MBCS /Gm /EHsc /RTC1 /MDd /GS /fp:precise /Zc:wchar_t /Zc:forScope /Fo"Debug\\" /Fd"Debug\vc120.pdb" /Gd /TP /analyze- /errorReport:prompt ..\..\..\..\Source\Plugins\KWIKFormat\FileSource\KwikFileSource.cpp ..\..\..\..\Source\Plugins\KWIKFormat\OpenEphysLib.cpp ..\..\..\..\Source\Plugins\KWIKFormat\RecordEngine\HDF5FileFormat.cpp ..\..\..\..\Source\Plugins\KWIKFormat\RecordEngine\HDF5Recording.cpp
         HDF5Recording.cpp
     1>c:\users\ephys-2\downloads\plugin-gui-master\source\plugins\kwikformat\recordengine\hdf5recording.cpp(205): warning C4244: 'argument' : conversion from 'double' to 'float', possible loss of data
         HDF5FileFormat.cpp
     1>c:\users\ephys-2\downloads\plugin-gui-master\resources\windows-libs\hdf5\include\h5exception.h(89): warning C4251: 'H5::Exception::detail_message' : class 'std::basic_string<char,std::char_traits<char>,std::allocator<char>>' needs to have dll-interface to be used by clients of class 'H5::Exception'
     1>c:\users\ephys-2\downloads\plugin-gui-master\resources\windows-libs\hdf5\include\h5exception.h(90): warning C4251: 'H5::Exception::func_name' : class 'std::basic_string<char,std::char_traits<char>,std::allocator<char>>' needs to have dll-interface to be used by clients of class 'H5::Exception'
     1>c:\users\ephys-2\downloads\plugin-gui-master\source\plugins\kwikformat\recordengine\hdf5fileformat.cpp(494): warning C4244: '=' : conversion from 'hsize_t' to 'int', possible loss of data
     1>c:\users\ephys-2\downloads\plugin-gui-master\source\plugins\kwikformat\recordengine\hdf5fileformat.cpp(496): warning C4244: '=' : conversion from 'hsize_t' to 'int', possible loss of data
     1>c:\users\ephys-2\downloads\plugin-gui-master\source\plugins\kwikformat\recordengine\hdf5fileformat.cpp(500): warning C4244: '=' : conversion from 'hsize_t' to 'int', possible loss of data
     1>c:\users\ephys-2\downloads\plugin-gui-master\source\plugins\kwikformat\recordengine\hdf5fileformat.cpp(504): warning C4244: '=' : conversion from 'hsize_t' to 'int', possible loss of data
     1>c:\users\ephys-2\downloads\plugin-gui-master\source\plugins\kwikformat\recordengine\hdf5fileformat.cpp(541): warning C4244: '=' : conversion from 'hsize_t' to 'int', possible loss of data
     1>c:\users\ephys-2\downloads\plugin-gui-master\source\plugins\kwikformat\recordengine\hdf5fileformat.cpp(543): warning C4244: '=' : conversion from 'hsize_t' to 'int', possible loss of data
     1>c:\users\ephys-2\downloads\plugin-gui-master\source\plugins\kwikformat\recordengine\hdf5fileformat.cpp(586): warning C4018: '>' : signed/unsigned mismatch
     1>c:\users\ephys-2\downloads\plugin-gui-master\source\plugins\kwikformat\recordengine\hdf5fileformat.cpp(594): warning C4244: '=' : conversion from 'hsize_t' to 'int', possible loss of data
     1>c:\users\ephys-2\downloads\plugin-gui-master\source\plugins\kwikformat\recordengine\hdf5fileformat.cpp(596): warning C4018: '>' : signed/unsigned mismatch
         OpenEphysLib.cpp
         KwikFileSource.cpp
     1>c:\users\ephys-2\downloads\plugin-gui-master\resources\windows-libs\hdf5\include\h5exception.h(89): warning C4251: 'H5::Exception::detail_message' : class 'std::basic_string<char,std::char_traits<char>,std::allocator<char>>' needs to have dll-interface to be used by clients of class 'H5::Exception'
     1>c:\users\ephys-2\downloads\plugin-gui-master\resources\windows-libs\hdf5\include\h5exception.h(90): warning C4251: 'H5::Exception::func_name' : class 'std::basic_string<char,std::char_traits<char>,std::allocator<char>>' needs to have dll-interface to be used by clients of class 'H5::Exception'
     1>c:\users\ephys-2\downloads\plugin-gui-master\source\plugins\kwikformat\filesource\kwikfilesource.cpp(86): warning C4244: 'initializing' : conversion from 'hsize_t' to 'int', possible loss of data
     1>c:\users\ephys-2\downloads\plugin-gui-master\source\plugins\kwikformat\filesource\kwikfilesource.cpp(115): warning C4244: 'argument' : conversion from 'hsize_t' to 'const size_t', possible loss of data
     1>c:\users\ephys-2\downloads\plugin-gui-master\source\plugins\kwikformat\filesource\kwikfilesource.cpp(202): warning C4244: '=' : conversion from 'juce::int64' to 'int', possible loss of data
         Generating Code...
       PreLinkEvent:
         if not exist "..\..\Debug\bin\plugins" mkdir "..\..\Debug\bin\plugins"
         :VCEnd
       Link:
         C:\Program Files (x86)\Microsoft Visual Studio 12.0\VC\bin\link.exe /ERRORREPORT:PROMPT /OUT:"C:\Users\ephys-2\Downloads\plugin-GUI-master\Builds\VisualStudio2013\Plugins\Debug\KWIKFormat.dll" /INCREMENTAL /NOLOGO /LIBPATH:"../../../../Resources/windows-libs/HDF5/lib/x86" /LIBPATH:..\..\Debug\bin hdf5.lib hdf5_cpp.lib "open-ephys.lib" setupapi.lib opengl32.lib glu32.lib "open-ephys.lib" setupapi.lib opengl32.lib glu32.lib kernel32.lib user32.lib gdi32.lib winspool.lib comdlg32.lib advapi32.lib shell32.lib ole32.lib oleaut32.lib uuid.lib odbc32.lib odbccp32.lib /MANIFEST /MANIFESTUAC:"level='asInvoker' uiAccess='false'" /manifest:embed /DEBUG /PDB:"C:\Users\ephys-2\Downloads\plugin-GUI-master\Builds\VisualStudio2013\Plugins\Debug\KWIKFormat.pdb" /TLBID:1 /DYNAMICBASE /NXCOMPAT /IMPLIB:"C:\Users\ephys-2\Downloads\plugin-GUI-master\Builds\VisualStudio2013\Plugins\Debug\KWIKFormat.lib" /MACHINE:X86 /DLL Debug\KwikFileSource.obj
         Debug\OpenEphysLib.obj
         Debug\HDF5FileFormat.obj
         Debug\HDF5Recording.obj
            Creating library C:\Users\ephys-2\Downloads\plugin-GUI-master\Builds\VisualStudio2013\Plugins\Debug\KWIKFormat.lib and object C:\Users\ephys-2\Downloads\plugin-GUI-master\Builds\VisualStudio2013\Plugins\Debug\KWIKFormat.exp
         KWIKFormat.vcxproj -> C:\Users\ephys-2\Downloads\plugin-GUI-master\Builds\VisualStudio2013\Plugins\Debug\KWIKFormat.dll
       PostBuildEvent:
         copy /Y "C:\Users\ephys-2\Downloads\plugin-GUI-master\Builds\VisualStudio2013\Plugins\Debug\KWIKFormat.dll" "..\..\Debug\bin\plugins\"
         :VCEnd
                 1 file(s) copied.
     1>Done Building Project "C:\Users\ephys-2\Downloads\plugin-GUI-master\Builds\VisualStudio2013\Plugins\KWIKFormat\KWIKFormat.vcxproj" (Rebuild target(s)).

Build succeeded.

Time Elapsed 00:00:09.92
