Build started 9/9/2016 1:34:43 PM.
     1>Project "C:\Users\ephys-2\Desktop\plugin-GUI-master\Builds\VisualStudio2013\Plugins\FilterNode\FilterNode.vcxproj" on node 4 (Build target(s)).
     1>ClCompile:
         C:\Program Files (x86)\Microsoft Visual Studio 12.0\VC\bin\x86_amd64\CL.exe /c /I..\..\..\..\Source\Plugins\Headers /Zi /nologo /W3 /WX- /sdl /Od /D OEPLUGIN /D WIN32 /D _WINDOWS /D DEBUG /D _DEBUG /D "JUCE_API=__declspec(dllimport)" /D JUCER_VS2013_78A5020=1 /D JUCE_APP_VERSION=0.3.5 /D JUCE_APP_VERSION_HEX=0x305 /D _CRT_SECURE_NO_WARNINGS /D _WINDLL /D _MBCS /Gm /EHsc /RTC1 /MDd /GS /fp:precise /Zc:wchar_t /Zc:forScope /Fo"x64\Debug\\" /Fd"x64\Debug\vc120.pdb" /Gd /TP /errorReport:prompt ..\..\..\..\Source\Plugins\FilterNode\Dsp\Bessel.cpp ..\..\..\..\Source\Plugins\FilterNode\Dsp\Biquad.cpp ..\..\..\..\Source\Plugins\FilterNode\Dsp\Butterworth.cpp ..\..\..\..\Source\Plugins\FilterNode\Dsp\Cascade.cpp ..\..\..\..\Source\Plugins\FilterNode\Dsp\ChebyshevI.cpp ..\..\..\..\Source\Plugins\FilterNode\Dsp\ChebyshevII.cpp ..\..\..\..\Source\Plugins\FilterNode\Dsp\Custom.cpp ..\..\..\..\Source\Plugins\FilterNode\Dsp\Design.cpp ..\..\..\..\Source\Plugins\FilterNode\Dsp\Documentation.cpp ..\..\..\..\Source\Plugins\FilterNode\Dsp\Elliptic.cpp ..\..\..\..\Source\Plugins\FilterNode\Dsp\Filter.cpp ..\..\..\..\Source\Plugins\FilterNode\Dsp\Legendre.cpp ..\..\..\..\Source\Plugins\FilterNode\Dsp\Param.cpp ..\..\..\..\Source\Plugins\FilterNode\Dsp\PoleFilter.cpp ..\..\..\..\Source\Plugins\FilterNode\Dsp\RBJ.cpp ..\..\..\..\Source\Plugins\FilterNode\Dsp\RootFinder.cpp ..\..\..\..\Source\Plugins\FilterNode\Dsp\State.cpp ..\..\..\..\Source\Plugins\FilterNode\FilterEditor.cpp ..\..\..\..\Source\Plugins\FilterNode\FilterNode.cpp ..\..\..\..\Source\Plugins\FilterNode\OpenEphysLib.cpp
         OpenEphysLib.cpp
         FilterNode.cpp
     1>..\..\..\..\Source\Plugins\FilterNode\FilterNode.cpp(170): warning C4244: '=' : conversion from 'double' to 'float', possible loss of data
     1>..\..\..\..\Source\Plugins\FilterNode\FilterNode.cpp(171): warning C4244: '=' : conversion from 'double' to 'float', possible loss of data
     1>..\..\..\..\Source\Plugins\FilterNode\FilterNode.cpp(175): warning C4244: '=' : conversion from 'double' to 'float', possible loss of data
     1>..\..\..\..\Source\Plugins\FilterNode\FilterNode.cpp(176): warning C4244: '=' : conversion from 'double' to 'float', possible loss of data
         FilterEditor.cpp
     1>..\..\..\..\Source\Plugins\FilterNode\FilterEditor.cpp(94): warning C4244: 'argument' : conversion from 'double' to 'const float', possible loss of data
     1>..\..\..\..\Source\Plugins\FilterNode\FilterEditor.cpp(95): warning C4244: 'argument' : conversion from 'double' to 'const float', possible loss of data
     1>..\..\..\..\Source\Plugins\FilterNode\FilterEditor.cpp(142): warning C4244: 'argument' : conversion from 'double' to 'float', possible loss of data
     1>..\..\..\..\Source\Plugins\FilterNode\FilterEditor.cpp(155): warning C4244: 'argument' : conversion from 'double' to 'float', possible loss of data
     1>..\..\..\..\Source\Plugins\FilterNode\FilterEditor.cpp(192): warning C4244: 'initializing' : conversion from 'double' to 'float', possible loss of data
         State.cpp
         RootFinder.cpp
         RBJ.cpp
         PoleFilter.cpp
         Param.cpp
         Legendre.cpp
         Filter.cpp
         Elliptic.cpp
         Documentation.cpp
         Design.cpp
         Custom.cpp
         ChebyshevII.cpp
         ChebyshevI.cpp
         Cascade.cpp
         Butterworth.cpp
         Biquad.cpp
         Bessel.cpp
         Generating Code...
       PreLinkEvent:
         if not exist "..\..\x64\Debug64\bin\plugins" mkdir "..\..\x64\Debug64\bin\plugins"
         :VCEnd
       Link:
         C:\Program Files (x86)\Microsoft Visual Studio 12.0\VC\bin\x86_amd64\link.exe /ERRORREPORT:PROMPT /OUT:"C:\Users\ephys-2\Desktop\plugin-GUI-master\Builds\VisualStudio2013\Plugins\x64\Debug\FilterNode.dll" /INCREMENTAL /NOLOGO /LIBPATH:..\..\x64\Debug64\bin "open-ephys.lib" setupapi.lib opengl32.lib glu32.lib kernel32.lib user32.lib gdi32.lib winspool.lib comdlg32.lib advapi32.lib shell32.lib ole32.lib oleaut32.lib uuid.lib odbc32.lib odbccp32.lib /MANIFEST /MANIFESTUAC:"level='asInvoker' uiAccess='false'" /manifest:embed /DEBUG /PDB:"C:\Users\ephys-2\Desktop\plugin-GUI-master\Builds\VisualStudio2013\Plugins\x64\Debug\FilterNode.pdb" /TLBID:1 /DYNAMICBASE /NXCOMPAT /IMPLIB:"C:\Users\ephys-2\Desktop\plugin-GUI-master\Builds\VisualStudio2013\Plugins\x64\Debug\FilterNode.lib" /MACHINE:X64 /DLL x64\Debug\Bessel.obj
         x64\Debug\Biquad.obj
         x64\Debug\Butterworth.obj
         x64\Debug\Cascade.obj
         x64\Debug\ChebyshevI.obj
         x64\Debug\ChebyshevII.obj
         x64\Debug\Custom.obj
         x64\Debug\Design.obj
         x64\Debug\Documentation.obj
         x64\Debug\Elliptic.obj
         x64\Debug\Filter.obj
         x64\Debug\Legendre.obj
         x64\Debug\Param.obj
         x64\Debug\PoleFilter.obj
         x64\Debug\RBJ.obj
         x64\Debug\RootFinder.obj
         x64\Debug\State.obj
         x64\Debug\FilterEditor.obj
         x64\Debug\FilterNode.obj
         x64\Debug\OpenEphysLib.obj
            Creating library C:\Users\ephys-2\Desktop\plugin-GUI-master\Builds\VisualStudio2013\Plugins\x64\Debug\FilterNode.lib and object C:\Users\ephys-2\Desktop\plugin-GUI-master\Builds\VisualStudio2013\Plugins\x64\Debug\FilterNode.exp
         FilterNode.vcxproj -> C:\Users\ephys-2\Desktop\plugin-GUI-master\Builds\VisualStudio2013\Plugins\x64\Debug\FilterNode.dll
       PostBuildEvent:
         copy /Y "C:\Users\ephys-2\Desktop\plugin-GUI-master\Builds\VisualStudio2013\Plugins\x64\Debug\FilterNode.dll" "..\..\x64\Debug64\bin\plugins\"
         :VCEnd
                 1 file(s) copied.
     1>Done Building Project "C:\Users\ephys-2\Desktop\plugin-GUI-master\Builds\VisualStudio2013\Plugins\FilterNode\FilterNode.vcxproj" (Build target(s)).

Build succeeded.

Time Elapsed 00:00:13.33
