Build started 8/26/2016 9:51:07 AM.
     1>Project "C:\Users\ephys-2\Downloads\plugin-GUI-master\Builds\VisualStudio2013\Plugins\CrossingDetector\CrossingDetector.vcxproj" on node 3 (Rebuild target(s)).
     1>ClCompile:
         C:\Program Files (x86)\Microsoft Visual Studio 12.0\VC\bin\CL.exe /c /I..\..\..\..\Source\Plugins\Headers /ZI /nologo /W3 /WX- /sdl /Od /Oy- /D OEPLUGIN /D WIN32 /D _WINDOWS /D DEBUG /D _DEBUG /D "JUCE_API=__declspec(dllimport)" /D JUCER_VS2013_78A5020=1 /D JUCE_APP_VERSION=0.3.5 /D JUCE_APP_VERSION_HEX=0x305 /D _CRT_SECURE_NO_WARNINGS /D _WINDLL /D _MBCS /Gm /EHsc /RTC1 /MDd /GS /fp:precise /Zc:wchar_t /Zc:forScope /Fo"Debug\\" /Fd"Debug\vc120.pdb" /Gd /TP /analyze- /errorReport:prompt ..\..\..\..\Source\Plugins\CrossingDetector\CrossingDetector.cpp ..\..\..\..\Source\Plugins\CrossingDetector\CrossingDetectorEditor.cpp ..\..\..\..\Source\Plugins\CrossingDetector\OpenEphysLib.cpp
         OpenEphysLib.cpp
         CrossingDetectorEditor.cpp
     1>c:\users\ephys-2\downloads\plugin-gui-master\source\plugins\crossingdetector\crossingdetectoreditor.cpp(41): warning C4101: 'e' : unreferenced local variable
     1>c:\users\ephys-2\downloads\plugin-gui-master\source\plugins\crossingdetector\crossingdetectoreditor.cpp(67): warning C4101: 'e' : unreferenced local variable
         CrossingDetector.cpp
         Generating Code...
       PreLinkEvent:
         if not exist "..\..\Debug\bin\plugins" mkdir "..\..\Debug\bin\plugins"
         :VCEnd
       Link:
         C:\Program Files (x86)\Microsoft Visual Studio 12.0\VC\bin\link.exe /ERRORREPORT:PROMPT /OUT:"C:\Users\ephys-2\Downloads\plugin-GUI-master\Builds\VisualStudio2013\Plugins\Debug\CrossingDetector.dll" /INCREMENTAL /NOLOGO /LIBPATH:..\..\Debug\bin "open-ephys.lib" setupapi.lib opengl32.lib glu32.lib kernel32.lib user32.lib gdi32.lib winspool.lib comdlg32.lib advapi32.lib shell32.lib ole32.lib oleaut32.lib uuid.lib odbc32.lib odbccp32.lib /MANIFEST /MANIFESTUAC:"level='asInvoker' uiAccess='false'" /manifest:embed /DEBUG /PDB:"C:\Users\ephys-2\Downloads\plugin-GUI-master\Builds\VisualStudio2013\Plugins\Debug\CrossingDetector.pdb" /TLBID:1 /DYNAMICBASE /NXCOMPAT /IMPLIB:"C:\Users\ephys-2\Downloads\plugin-GUI-master\Builds\VisualStudio2013\Plugins\Debug\CrossingDetector.lib" /MACHINE:X86 /DLL Debug\CrossingDetector.obj
         Debug\CrossingDetectorEditor.obj
         Debug\OpenEphysLib.obj
            Creating library C:\Users\ephys-2\Downloads\plugin-GUI-master\Builds\VisualStudio2013\Plugins\Debug\CrossingDetector.lib and object C:\Users\ephys-2\Downloads\plugin-GUI-master\Builds\VisualStudio2013\Plugins\Debug\CrossingDetector.exp
         CrossingDetector.vcxproj -> C:\Users\ephys-2\Downloads\plugin-GUI-master\Builds\VisualStudio2013\Plugins\Debug\CrossingDetector.dll
       PostBuildEvent:
         copy /Y "C:\Users\ephys-2\Downloads\plugin-GUI-master\Builds\VisualStudio2013\Plugins\Debug\CrossingDetector.dll" "..\..\Debug\bin\plugins\"
         :VCEnd
                 1 file(s) copied.
     1>Done Building Project "C:\Users\ephys-2\Downloads\plugin-GUI-master\Builds\VisualStudio2013\Plugins\CrossingDetector\CrossingDetector.vcxproj" (Rebuild target(s)).

Build succeeded.

Time Elapsed 00:00:05.50
